<?xml version="1.0" encoding="UTF-8"?>
<!-- Generated by org.testng.reporters.JUnitReportReporter -->
<testsuite hostname="LIN-PG02TNEA" failures="0" tests="4" name="runner.runnerClass" time="37.488" errors="0" timestamp="2024-03-28T15:41:13 IST" skipped="0">
  <testcase classname="runner.runnerClass" name="runScenario" time="6.875"/>
  <testcase classname="runner.runnerClass" name="runScenario" time="11.465"/>
  <testcase classname="runner.runnerClass" name="runScenario" time="12.680"/>
  <testcase classname="runner.runnerClass" name="runScenario" time="6.468"/>
</testsuite> <!-- runner.runnerClass -->
